[debug] [2021-09-26T21:08:27.379Z] ----------------------------------------------------------------------
[debug] [2021-09-26T21:08:27.381Z] Command:       C:\Program Files\nodejs\node.exe C:\Users\as96\AppData\Roaming\npm\node_modules\firebase-tools\lib\bin\firebase.js init
[debug] [2021-09-26T21:08:27.381Z] CLI Version:   9.18.0
[debug] [2021-09-26T21:08:27.381Z] Platform:      win32
[debug] [2021-09-26T21:08:27.381Z] Node Version:  v16.4.2
[debug] [2021-09-26T21:08:27.382Z] Time:          Sun Sep 26 2021 17:08:27 GMT-0400 (Eastern Daylight Time)
[debug] [2021-09-26T21:08:27.382Z] ----------------------------------------------------------------------
[debug] 
[debug] [2021-09-26T21:08:27.427Z] > command requires scopes: ["email","openid","https://www.googleapis.com/auth/cloudplatformprojects.readonly","https://www.googleapis.com/auth/firebase","https://www.googleapis.com/auth/cloud-platform"]
[debug] [2021-09-26T21:08:27.428Z] > authorizing via signed-in user (saboor.0096@gmail.com)
[info] 
     ######## #### ########  ######## ########     ###     ######  ########
     ##        ##  ##     ## ##       ##     ##  ##   ##  ##       ##
     ######    ##  ########  ######   ########  #########  ######  ######
     ##        ##  ##    ##  ##       ##     ## ##     ##       ## ##
     ##       #### ##     ## ######## ########  ##     ##  ######  ########

You're about to initialize a Firebase project in this directory:

  C:\Users\as96\Desktop\news

Before we get started, keep in mind:

  * You are initializing within an existing Firebase project directory

